2022-07-12 09:14:29.678  INFO 4200 --- [restartedMain] com.edutecno.Application                 : Starting Application using Java 17.0.3 on PC-FRANCO with PID 4200 (C:\Users\adria\Edutecno Capacitacion\BOOTCAMP 0001 - FULL STACK JAVA - DIURNO - eclipse-workspace-cloud\M6.4-Desafio-ServicioControlDestinos\target\classes started by adria in C:\Users\adria\Edutecno Capacitacion\BOOTCAMP 0001 - FULL STACK JAVA - DIURNO - eclipse-workspace-cloud\M6.4-Desafio-ServicioControlDestinos)
2022-07-12 09:14:29.681  INFO 4200 --- [restartedMain] com.edutecno.Application                 : No active profile set, falling back to 1 default profile: "default"
2022-07-12 09:14:29.707  INFO 4200 --- [restartedMain] o.s.b.devtools.restart.ChangeableUrls    : The Class-Path manifest attribute in C:\Users\adria\.m2\repository\com\oracle\database\jdbc\ojdbc8\21.5.0.0\ojdbc8-21.5.0.0.jar referenced one or more files that do not exist: file:/C:/Users/adria/.m2/repository/com/oracle/database/jdbc/ojdbc8/21.5.0.0/oraclepki.jar
2022-07-12 09:14:29.708  INFO 4200 --- [restartedMain] .e.DevToolsPropertyDefaultsPostProcessor : Devtools property defaults active! Set 'spring.devtools.add-properties' to 'false' to disable
2022-07-12 09:14:29.708  INFO 4200 --- [restartedMain] .e.DevToolsPropertyDefaultsPostProcessor : For additional web related logging consider setting the 'logging.level.web' property to 'DEBUG'
2022-07-12 09:14:30.011  INFO 4200 --- [restartedMain] .s.d.r.c.RepositoryConfigurationDelegate : Bootstrapping Spring Data JPA repositories in DEFAULT mode.
2022-07-12 09:14:30.040  INFO 4200 --- [restartedMain] .s.d.r.c.RepositoryConfigurationDelegate : Finished Spring Data repository scanning in 24 ms. Found 2 JPA repository interfaces.
2022-07-12 09:14:30.338  INFO 4200 --- [restartedMain] o.s.b.w.embedded.tomcat.TomcatWebServer  : Tomcat initialized with port(s): 8082 (http)
2022-07-12 09:14:30.345  INFO 4200 --- [restartedMain] o.apache.catalina.core.StandardService   : Starting service [Tomcat]
2022-07-12 09:14:30.345  INFO 4200 --- [restartedMain] org.apache.catalina.core.StandardEngine  : Starting Servlet engine: [Apache Tomcat/9.0.64]
2022-07-12 09:14:30.488  INFO 4200 --- [restartedMain] o.a.c.c.C.[Tomcat].[localhost].[/]       : Initializing Spring embedded WebApplicationContext
2022-07-12 09:14:30.488  INFO 4200 --- [restartedMain] w.s.c.ServletWebServerApplicationContext : Root WebApplicationContext: initialization completed in 780 ms
2022-07-12 09:14:30.599  INFO 4200 --- [restartedMain] o.hibernate.jpa.internal.util.LogHelper  : HHH000204: Processing PersistenceUnitInfo [name: default]
2022-07-12 09:14:30.625  INFO 4200 --- [restartedMain] org.hibernate.Version                    : HHH000412: Hibernate ORM core version 5.6.9.Final
2022-07-12 09:14:30.712  INFO 4200 --- [restartedMain] o.hibernate.annotations.common.Version   : HCANN000001: Hibernate Commons Annotations {5.1.2.Final}
2022-07-12 09:14:30.768  INFO 4200 --- [restartedMain] com.zaxxer.hikari.HikariDataSource       : HikariPool-1 - Starting...
2022-07-12 09:14:30.914  INFO 4200 --- [restartedMain] com.zaxxer.hikari.HikariDataSource       : HikariPool-1 - Start completed.
2022-07-12 09:14:30.923  INFO 4200 --- [restartedMain] org.hibernate.dialect.Dialect            : HHH000400: Using dialect: org.hibernate.dialect.Oracle8iDialect
2022-07-12 09:14:31.705  INFO 4200 --- [restartedMain] o.h.e.t.j.p.i.JtaPlatformInitiator       : HHH000490: Using JtaPlatform implementation: [org.hibernate.engine.transaction.jta.platform.internal.NoJtaPlatform]
2022-07-12 09:14:31.711  INFO 4200 --- [restartedMain] j.LocalContainerEntityManagerFactoryBean : Initialized JPA EntityManagerFactory for persistence unit 'default'
2022-07-12 09:14:31.878  WARN 4200 --- [restartedMain] JpaBaseConfiguration$JpaWebConfiguration : spring.jpa.open-in-view is enabled by default. Therefore, database queries may be performed during view rendering. Explicitly configure spring.jpa.open-in-view to disable this warning
2022-07-12 09:14:31.930 DEBUG 4200 --- [restartedMain] s.w.s.m.m.a.RequestMappingHandlerAdapter : ControllerAdvice beans: 0 @ModelAttribute, 0 @InitBinder, 1 RequestBodyAdvice, 1 ResponseBodyAdvice
2022-07-12 09:14:31.975 DEBUG 4200 --- [restartedMain] s.w.s.m.m.a.RequestMappingHandlerMapping : 14 mappings in 'requestMappingHandlerMapping'
2022-07-12 09:14:31.986 DEBUG 4200 --- [restartedMain] o.s.w.s.handler.SimpleUrlHandlerMapping  : Patterns [/webjars/**, /**] in 'resourceHandlerMapping'
2022-07-12 09:14:31.990 DEBUG 4200 --- [restartedMain] .m.m.a.ExceptionHandlerExceptionResolver : ControllerAdvice beans: 0 @ExceptionHandler, 1 ResponseBodyAdvice
2022-07-12 09:14:32.055  INFO 4200 --- [restartedMain] o.s.b.d.a.OptionalLiveReloadServer       : LiveReload server is running on port 35729
2022-07-12 09:14:32.076  INFO 4200 --- [restartedMain] o.s.b.w.embedded.tomcat.TomcatWebServer  : Tomcat started on port(s): 8082 (http) with context path ''
2022-07-12 09:14:32.081  INFO 4200 --- [restartedMain] com.edutecno.Application                 : Started Application in 2.612 seconds (JVM running for 3.118)
2022-07-12 09:14:35.499  INFO 4200 --- [http-nio-8082-exec-1] o.a.c.c.C.[Tomcat].[localhost].[/]       : Initializing Spring DispatcherServlet 'dispatcherServlet'
2022-07-12 09:14:35.500  INFO 4200 --- [http-nio-8082-exec-1] o.s.web.servlet.DispatcherServlet        : Initializing Servlet 'dispatcherServlet'
2022-07-12 09:14:35.500 DEBUG 4200 --- [http-nio-8082-exec-1] o.s.web.servlet.DispatcherServlet        : Detected StandardServletMultipartResolver
2022-07-12 09:14:35.500 DEBUG 4200 --- [http-nio-8082-exec-1] o.s.web.servlet.DispatcherServlet        : Detected AcceptHeaderLocaleResolver
2022-07-12 09:14:35.500 DEBUG 4200 --- [http-nio-8082-exec-1] o.s.web.servlet.DispatcherServlet        : Detected FixedThemeResolver
2022-07-12 09:14:35.500 DEBUG 4200 --- [http-nio-8082-exec-1] o.s.web.servlet.DispatcherServlet        : Detected org.springframework.web.servlet.view.DefaultRequestToViewNameTranslator@46e3facd
2022-07-12 09:14:35.501 DEBUG 4200 --- [http-nio-8082-exec-1] o.s.web.servlet.DispatcherServlet        : Detected org.springframework.web.servlet.support.SessionFlashMapManager@266d2423
2022-07-12 09:14:35.501 DEBUG 4200 --- [http-nio-8082-exec-1] o.s.web.servlet.DispatcherServlet        : enableLoggingRequestDetails='false': request parameters and headers will be masked to prevent unsafe logging of potentially sensitive data
2022-07-12 09:14:35.501  INFO 4200 --- [http-nio-8082-exec-1] o.s.web.servlet.DispatcherServlet        : Completed initialization in 1 ms
2022-07-12 09:14:35.507 DEBUG 4200 --- [http-nio-8082-exec-1] o.s.web.servlet.DispatcherServlet        : GET "/", parameters={}
2022-07-12 09:14:35.511 DEBUG 4200 --- [http-nio-8082-exec-1] s.w.s.m.m.a.RequestMappingHandlerMapping : Mapped to com.edutecno.controller.DestinoController#destinos()
2022-07-12 09:14:35.526  INFO 4200 --- [http-nio-8082-exec-1] com.edutecno.service.DestinoServiceImp   : Ejecutando DestinoServiceImp findAll()
2022-07-12 09:14:35.610 DEBUG 4200 --- [http-nio-8082-exec-1] o.s.w.s.v.ContentNegotiatingViewResolver : Selected 'text/html' given [text/html, application/xhtml+xml, image/webp, image/apng, application/xml;q=0.9, application/signed-exchange;v=b3;q=0.9, */*;q=0.8]
2022-07-12 09:14:35.756 DEBUG 4200 --- [http-nio-8082-exec-1] o.s.web.servlet.DispatcherServlet        : Completed 200 OK
2022-07-12 09:14:35.822 DEBUG 4200 --- [http-nio-8082-exec-2] o.s.web.servlet.DispatcherServlet        : GET "/favicon.ico", parameters={}
2022-07-12 09:14:35.824 DEBUG 4200 --- [http-nio-8082-exec-2] o.s.w.s.handler.SimpleUrlHandlerMapping  : Mapped to ResourceHttpRequestHandler [classpath [META-INF/resources/], classpath [resources/], classpath [static/], classpath [public/], ServletContext [/]]
2022-07-12 09:14:35.826 DEBUG 4200 --- [http-nio-8082-exec-2] o.s.w.s.r.ResourceHttpRequestHandler     : Resource not found
2022-07-12 09:14:35.826 DEBUG 4200 --- [http-nio-8082-exec-2] o.s.web.servlet.DispatcherServlet        : Completed 404 NOT_FOUND
2022-07-12 09:14:35.829 DEBUG 4200 --- [http-nio-8082-exec-2] o.s.web.servlet.DispatcherServlet        : "ERROR" dispatch for GET "/error", parameters={}
2022-07-12 09:14:35.830 DEBUG 4200 --- [http-nio-8082-exec-2] s.w.s.m.m.a.RequestMappingHandlerMapping : Mapped to org.springframework.boot.autoconfigure.web.servlet.error.BasicErrorController#error(HttpServletRequest)
2022-07-12 09:14:35.842 DEBUG 4200 --- [http-nio-8082-exec-2] o.s.w.s.m.m.a.HttpEntityMethodProcessor  : Using 'application/json;q=0.8', given [image/webp, image/apng, image/svg+xml, image/*, */*;q=0.8] and supported [application/json, application/*+json, application/json, application/*+json]
2022-07-12 09:14:35.842 DEBUG 4200 --- [http-nio-8082-exec-2] o.s.w.s.m.m.a.HttpEntityMethodProcessor  : Writing [{timestamp=Tue Jul 12 09:14:35 CLT 2022, status=404, error=Not Found, message=No message available,  (truncated)...]
2022-07-12 09:14:35.866 DEBUG 4200 --- [http-nio-8082-exec-2] o.s.web.servlet.DispatcherServlet        : Exiting from "ERROR" dispatch, status 404
2022-07-12 09:14:46.027 DEBUG 4200 --- [http-nio-8082-exec-3] o.s.web.servlet.DispatcherServlet        : GET "/destinos/crear", parameters={}
2022-07-12 09:14:46.028 DEBUG 4200 --- [http-nio-8082-exec-3] s.w.s.m.m.a.RequestMappingHandlerMapping : Mapped to com.edutecno.controller.DestinoController#crear()
2022-07-12 09:14:46.031  INFO 4200 --- [http-nio-8082-exec-3] com.edutecno.service.PasajeroServiceImp  : Ejecutando PasajeroServiceImp findAll()
2022-07-12 09:14:46.042 DEBUG 4200 --- [http-nio-8082-exec-3] o.s.w.s.v.ContentNegotiatingViewResolver : Selected 'text/html' given [text/html, application/xhtml+xml, image/webp, image/apng, application/xml;q=0.9, application/signed-exchange;v=b3;q=0.9, */*;q=0.8]
2022-07-12 09:14:46.046 DEBUG 4200 --- [http-nio-8082-exec-3] o.s.web.servlet.DispatcherServlet        : Completed 200 OK
2022-07-12 09:14:48.728 DEBUG 4200 --- [http-nio-8082-exec-4] o.s.web.servlet.DispatcherServlet        : GET "/pasajeros/crear", parameters={}
2022-07-12 09:14:48.728 DEBUG 4200 --- [http-nio-8082-exec-4] s.w.s.m.m.a.RequestMappingHandlerMapping : Mapped to com.edutecno.controller.PasajeroController#crear()
2022-07-12 09:14:48.729  INFO 4200 --- [http-nio-8082-exec-4] com.edutecno.service.DestinoServiceImp   : Ejecutando DestinoServiceImp findAll()
2022-07-12 09:14:48.732 DEBUG 4200 --- [http-nio-8082-exec-4] o.s.w.s.v.ContentNegotiatingViewResolver : Selected 'text/html' given [text/html, application/xhtml+xml, image/webp, image/apng, application/xml;q=0.9, application/signed-exchange;v=b3;q=0.9, */*;q=0.8]
2022-07-12 09:14:48.735 DEBUG 4200 --- [http-nio-8082-exec-4] o.s.web.servlet.DispatcherServlet        : Completed 200 OK
2022-07-12 09:14:51.581 DEBUG 4200 --- [http-nio-8082-exec-5] o.s.web.servlet.DispatcherServlet        : GET "/destinos", parameters={}
2022-07-12 09:14:51.581 DEBUG 4200 --- [http-nio-8082-exec-5] s.w.s.m.m.a.RequestMappingHandlerMapping : Mapped to com.edutecno.controller.DestinoController#destinos()
2022-07-12 09:14:51.582  INFO 4200 --- [http-nio-8082-exec-5] com.edutecno.service.DestinoServiceImp   : Ejecutando DestinoServiceImp findAll()
2022-07-12 09:14:51.584 DEBUG 4200 --- [http-nio-8082-exec-5] o.s.w.s.v.ContentNegotiatingViewResolver : Selected 'text/html' given [text/html, application/xhtml+xml, image/webp, image/apng, application/xml;q=0.9, application/signed-exchange;v=b3;q=0.9, */*;q=0.8]
2022-07-12 09:14:51.588 DEBUG 4200 --- [http-nio-8082-exec-5] o.s.web.servlet.DispatcherServlet        : Completed 200 OK
2022-07-12 09:15:00.496 DEBUG 4200 --- [http-nio-8082-exec-6] o.s.web.servlet.DispatcherServlet        : GET "/pasajeros", parameters={}
2022-07-12 09:15:00.497 DEBUG 4200 --- [http-nio-8082-exec-6] s.w.s.m.m.a.RequestMappingHandlerMapping : Mapped to com.edutecno.controller.PasajeroController#pasajeros()
2022-07-12 09:15:00.498  INFO 4200 --- [http-nio-8082-exec-6] com.edutecno.service.PasajeroServiceImp  : Ejecutando PasajeroServiceImp findAll()
2022-07-12 09:15:00.500 DEBUG 4200 --- [http-nio-8082-exec-6] o.s.w.s.v.ContentNegotiatingViewResolver : Selected 'text/html' given [text/html, application/xhtml+xml, image/webp, image/apng, application/xml;q=0.9, application/signed-exchange;v=b3;q=0.9, */*;q=0.8]
2022-07-12 09:15:00.517 DEBUG 4200 --- [http-nio-8082-exec-6] o.s.web.servlet.DispatcherServlet        : Completed 200 OK
2022-07-12 09:15:11.759 DEBUG 4200 --- [http-nio-8082-exec-7] o.s.web.servlet.DispatcherServlet        : GET "/destinos", parameters={}
2022-07-12 09:15:11.760 DEBUG 4200 --- [http-nio-8082-exec-7] s.w.s.m.m.a.RequestMappingHandlerMapping : Mapped to com.edutecno.controller.DestinoController#destinos()
2022-07-12 09:15:11.761  INFO 4200 --- [http-nio-8082-exec-7] com.edutecno.service.DestinoServiceImp   : Ejecutando DestinoServiceImp findAll()
2022-07-12 09:15:11.763 DEBUG 4200 --- [http-nio-8082-exec-7] o.s.w.s.v.ContentNegotiatingViewResolver : Selected 'text/html' given [text/html, application/xhtml+xml, image/webp, image/apng, application/xml;q=0.9, application/signed-exchange;v=b3;q=0.9, */*;q=0.8]
2022-07-12 09:15:11.766 DEBUG 4200 --- [http-nio-8082-exec-7] o.s.web.servlet.DispatcherServlet        : Completed 200 OK
2022-07-12 09:15:14.718 DEBUG 4200 --- [http-nio-8082-exec-8] o.s.web.servlet.DispatcherServlet        : GET "/destinos/editar?id=4", parameters={masked}
2022-07-12 09:15:14.718 DEBUG 4200 --- [http-nio-8082-exec-8] s.w.s.m.m.a.RequestMappingHandlerMapping : Mapped to com.edutecno.controller.DestinoController#editar(Long)
2022-07-12 09:15:14.720  INFO 4200 --- [http-nio-8082-exec-8] com.edutecno.service.DestinoServiceImp   : Ejecutando DestinoServiceImp finfById()
2022-07-12 09:15:14.724  INFO 4200 --- [http-nio-8082-exec-8] com.edutecno.service.PasajeroServiceImp  : Ejecutando PasajeroServiceImp findAll()
2022-07-12 09:15:14.726 DEBUG 4200 --- [http-nio-8082-exec-8] o.s.w.s.v.ContentNegotiatingViewResolver : Selected 'text/html' given [text/html, application/xhtml+xml, image/webp, image/apng, application/xml;q=0.9, application/signed-exchange;v=b3;q=0.9, */*;q=0.8]
2022-07-12 09:15:14.739 DEBUG 4200 --- [http-nio-8082-exec-8] o.s.web.servlet.DispatcherServlet        : Completed 200 OK
2022-07-12 09:15:18.246 DEBUG 4200 --- [http-nio-8082-exec-9] o.s.web.servlet.DispatcherServlet        : POST "/destinos/editar", parameters={masked}
2022-07-12 09:15:18.247 DEBUG 4200 --- [http-nio-8082-exec-9] s.w.s.m.m.a.RequestMappingHandlerMapping : Mapped to com.edutecno.controller.DestinoController#editar(Destino)
2022-07-12 09:15:18.257  INFO 4200 --- [http-nio-8082-exec-9] com.edutecno.service.DestinoServiceImp   : Ejecutando DestinoServiceImp update()
2022-07-12 09:15:18.280 DEBUG 4200 --- [http-nio-8082-exec-9] o.s.web.servlet.view.RedirectView        : View [RedirectView], model {}
2022-07-12 09:15:18.280 DEBUG 4200 --- [http-nio-8082-exec-9] o.s.web.servlet.DispatcherServlet        : Completed 302 FOUND
2022-07-12 09:15:18.285 DEBUG 4200 --- [http-nio-8082-exec-10] o.s.web.servlet.DispatcherServlet        : GET "/destinos", parameters={}
2022-07-12 09:15:18.286 DEBUG 4200 --- [http-nio-8082-exec-10] s.w.s.m.m.a.RequestMappingHandlerMapping : Mapped to com.edutecno.controller.DestinoController#destinos()
2022-07-12 09:15:18.286  INFO 4200 --- [http-nio-8082-exec-10] com.edutecno.service.DestinoServiceImp   : Ejecutando DestinoServiceImp findAll()
2022-07-12 09:15:18.288 DEBUG 4200 --- [http-nio-8082-exec-10] o.s.w.s.v.ContentNegotiatingViewResolver : Selected 'text/html' given [text/html, application/xhtml+xml, image/webp, image/apng, application/xml;q=0.9, application/signed-exchange;v=b3;q=0.9, */*;q=0.8]
2022-07-12 09:15:18.290 DEBUG 4200 --- [http-nio-8082-exec-10] o.s.web.servlet.DispatcherServlet        : Completed 200 OK
2022-07-12 09:15:20.619 DEBUG 4200 --- [http-nio-8082-exec-1] o.s.web.servlet.DispatcherServlet        : GET "/pasajeros", parameters={}
2022-07-12 09:15:20.619 DEBUG 4200 --- [http-nio-8082-exec-1] s.w.s.m.m.a.RequestMappingHandlerMapping : Mapped to com.edutecno.controller.PasajeroController#pasajeros()
2022-07-12 09:15:20.620  INFO 4200 --- [http-nio-8082-exec-1] com.edutecno.service.PasajeroServiceImp  : Ejecutando PasajeroServiceImp findAll()
2022-07-12 09:15:20.622 DEBUG 4200 --- [http-nio-8082-exec-1] o.s.w.s.v.ContentNegotiatingViewResolver : Selected 'text/html' given [text/html, application/xhtml+xml, image/webp, image/apng, application/xml;q=0.9, application/signed-exchange;v=b3;q=0.9, */*;q=0.8]
2022-07-12 09:15:20.629 DEBUG 4200 --- [http-nio-8082-exec-1] o.s.web.servlet.DispatcherServlet        : Completed 200 OK
2022-07-12 09:15:30.731 DEBUG 4200 --- [http-nio-8082-exec-2] o.s.web.servlet.DispatcherServlet        : GET "/destinos/crear", parameters={}
2022-07-12 09:15:30.732 DEBUG 4200 --- [http-nio-8082-exec-2] s.w.s.m.m.a.RequestMappingHandlerMapping : Mapped to com.edutecno.controller.DestinoController#crear()
2022-07-12 09:15:30.733  INFO 4200 --- [http-nio-8082-exec-2] com.edutecno.service.PasajeroServiceImp  : Ejecutando PasajeroServiceImp findAll()
2022-07-12 09:15:30.735 DEBUG 4200 --- [http-nio-8082-exec-2] o.s.w.s.v.ContentNegotiatingViewResolver : Selected 'text/html' given [text/html, application/xhtml+xml, image/webp, image/apng, application/xml;q=0.9, application/signed-exchange;v=b3;q=0.9, */*;q=0.8]
2022-07-12 09:15:30.736 DEBUG 4200 --- [http-nio-8082-exec-2] o.s.web.servlet.DispatcherServlet        : Completed 200 OK
2022-07-12 09:15:33.869 DEBUG 4200 --- [http-nio-8082-exec-3] o.s.web.servlet.DispatcherServlet        : GET "/destinos", parameters={}
2022-07-12 09:15:33.870 DEBUG 4200 --- [http-nio-8082-exec-3] s.w.s.m.m.a.RequestMappingHandlerMapping : Mapped to com.edutecno.controller.DestinoController#destinos()
2022-07-12 09:15:33.870  INFO 4200 --- [http-nio-8082-exec-3] com.edutecno.service.DestinoServiceImp   : Ejecutando DestinoServiceImp findAll()
2022-07-12 09:15:33.872 DEBUG 4200 --- [http-nio-8082-exec-3] o.s.w.s.v.ContentNegotiatingViewResolver : Selected 'text/html' given [text/html, application/xhtml+xml, image/webp, image/apng, application/xml;q=0.9, application/signed-exchange;v=b3;q=0.9, */*;q=0.8]
2022-07-12 09:15:33.874 DEBUG 4200 --- [http-nio-8082-exec-3] o.s.web.servlet.DispatcherServlet        : Completed 200 OK
2022-07-12 09:16:46.535 DEBUG 4200 --- [http-nio-8082-exec-6] o.s.web.servlet.DispatcherServlet        : GET "/pasajeros", parameters={}
2022-07-12 09:16:46.535 DEBUG 4200 --- [http-nio-8082-exec-6] s.w.s.m.m.a.RequestMappingHandlerMapping : Mapped to com.edutecno.controller.PasajeroController#pasajeros()
2022-07-12 09:16:46.536  INFO 4200 --- [http-nio-8082-exec-6] com.edutecno.service.PasajeroServiceImp  : Ejecutando PasajeroServiceImp findAll()
2022-07-12 09:16:46.538 DEBUG 4200 --- [http-nio-8082-exec-6] o.s.w.s.v.ContentNegotiatingViewResolver : Selected 'text/html' given [text/html, application/xhtml+xml, image/webp, image/apng, application/xml;q=0.9, application/signed-exchange;v=b3;q=0.9, */*;q=0.8]
2022-07-12 09:16:46.545 DEBUG 4200 --- [http-nio-8082-exec-6] o.s.web.servlet.DispatcherServlet        : Completed 200 OK
2022-07-12 09:27:51.230 DEBUG 4200 --- [http-nio-8082-exec-9] o.s.web.servlet.DispatcherServlet        : GET "/destinos", parameters={}
2022-07-12 09:27:51.230 DEBUG 4200 --- [http-nio-8082-exec-9] s.w.s.m.m.a.RequestMappingHandlerMapping : Mapped to com.edutecno.controller.DestinoController#destinos()
2022-07-12 09:27:51.232  INFO 4200 --- [http-nio-8082-exec-9] com.edutecno.service.DestinoServiceImp   : Ejecutando DestinoServiceImp findAll()
2022-07-12 09:27:51.235 DEBUG 4200 --- [http-nio-8082-exec-9] o.s.w.s.v.ContentNegotiatingViewResolver : Selected 'text/html' given [text/html, application/xhtml+xml, image/webp, image/apng, application/xml;q=0.9, application/signed-exchange;v=b3;q=0.9, */*;q=0.8]
2022-07-12 09:27:51.240 DEBUG 4200 --- [http-nio-8082-exec-9] o.s.web.servlet.DispatcherServlet        : Completed 200 OK
2022-07-12 09:27:52.353 DEBUG 4200 --- [http-nio-8082-exec-10] o.s.web.servlet.DispatcherServlet        : GET "/pasajeros/crear", parameters={}
2022-07-12 09:27:52.353 DEBUG 4200 --- [http-nio-8082-exec-10] s.w.s.m.m.a.RequestMappingHandlerMapping : Mapped to com.edutecno.controller.PasajeroController#crear()
2022-07-12 09:27:52.354  INFO 4200 --- [http-nio-8082-exec-10] com.edutecno.service.DestinoServiceImp   : Ejecutando DestinoServiceImp findAll()
2022-07-12 09:27:52.358 DEBUG 4200 --- [http-nio-8082-exec-10] o.s.w.s.v.ContentNegotiatingViewResolver : Selected 'text/html' given [text/html, application/xhtml+xml, image/webp, image/apng, application/xml;q=0.9, application/signed-exchange;v=b3;q=0.9, */*;q=0.8]
2022-07-12 09:27:52.361 DEBUG 4200 --- [http-nio-8082-exec-10] o.s.web.servlet.DispatcherServlet        : Completed 200 OK
2022-07-12 09:41:36.124  INFO 4200 --- [RMI TCP Connection(36)-127.0.0.1] inMXBeanRegistrar$SpringApplicationAdmin : Application shutdown requested.
2022-07-12 09:41:36.139  INFO 4200 --- [RMI TCP Connection(36)-127.0.0.1] j.LocalContainerEntityManagerFactoryBean : Closing JPA EntityManagerFactory for persistence unit 'default'
2022-07-12 09:41:36.141  INFO 4200 --- [RMI TCP Connection(36)-127.0.0.1] com.zaxxer.hikari.HikariDataSource       : HikariPool-1 - Shutdown initiated...
2022-07-12 09:41:36.148  INFO 4200 --- [RMI TCP Connection(36)-127.0.0.1] com.zaxxer.hikari.HikariDataSource       : HikariPool-1 - Shutdown completed.
2022-07-12 09:42:31.621  INFO 8216 --- [restartedMain] com.edutecno.Application                 : Starting Application using Java 17.0.3 on PC-FRANCO with PID 8216 (C:\Users\adria\Edutecno Capacitacion\BOOTCAMP 0001 - FULL STACK JAVA - DIURNO - eclipse-workspace-cloud\M6.4-Desafio-ServicioControlDestinos\target\classes started by adria in C:\Users\adria\Edutecno Capacitacion\BOOTCAMP 0001 - FULL STACK JAVA - DIURNO - eclipse-workspace-cloud\M6.4-Desafio-ServicioControlDestinos)
2022-07-12 09:42:31.622  INFO 8216 --- [restartedMain] com.edutecno.Application                 : No active profile set, falling back to 1 default profile: "default"
2022-07-12 09:42:31.644  INFO 8216 --- [restartedMain] o.s.b.devtools.restart.ChangeableUrls    : The Class-Path manifest attribute in C:\Users\adria\.m2\repository\com\oracle\database\jdbc\ojdbc8\21.5.0.0\ojdbc8-21.5.0.0.jar referenced one or more files that do not exist: file:/C:/Users/adria/.m2/repository/com/oracle/database/jdbc/ojdbc8/21.5.0.0/oraclepki.jar
2022-07-12 09:42:31.644  INFO 8216 --- [restartedMain] .e.DevToolsPropertyDefaultsPostProcessor : Devtools property defaults active! Set 'spring.devtools.add-properties' to 'false' to disable
2022-07-12 09:42:31.645  INFO 8216 --- [restartedMain] .e.DevToolsPropertyDefaultsPostProcessor : For additional web related logging consider setting the 'logging.level.web' property to 'DEBUG'
2022-07-12 09:42:31.946  INFO 8216 --- [restartedMain] .s.d.r.c.RepositoryConfigurationDelegate : Bootstrapping Spring Data JPA repositories in DEFAULT mode.
2022-07-12 09:42:31.976  INFO 8216 --- [restartedMain] .s.d.r.c.RepositoryConfigurationDelegate : Finished Spring Data repository scanning in 25 ms. Found 2 JPA repository interfaces.
2022-07-12 09:42:32.263  INFO 8216 --- [restartedMain] o.s.b.w.embedded.tomcat.TomcatWebServer  : Tomcat initialized with port(s): 8082 (http)
2022-07-12 09:42:32.269  INFO 8216 --- [restartedMain] o.apache.catalina.core.StandardService   : Starting service [Tomcat]
2022-07-12 09:42:32.269  INFO 8216 --- [restartedMain] org.apache.catalina.core.StandardEngine  : Starting Servlet engine: [Apache Tomcat/9.0.64]
2022-07-12 09:42:32.364  INFO 8216 --- [restartedMain] o.a.c.c.C.[Tomcat].[localhost].[/]       : Initializing Spring embedded WebApplicationContext
2022-07-12 09:42:32.364  INFO 8216 --- [restartedMain] w.s.c.ServletWebServerApplicationContext : Root WebApplicationContext: initialization completed in 719 ms
2022-07-12 09:42:32.468  INFO 8216 --- [restartedMain] o.hibernate.jpa.internal.util.LogHelper  : HHH000204: Processing PersistenceUnitInfo [name: default]
2022-07-12 09:42:32.494  INFO 8216 --- [restartedMain] org.hibernate.Version                    : HHH000412: Hibernate ORM core version 5.6.9.Final
2022-07-12 09:42:32.579  INFO 8216 --- [restartedMain] o.hibernate.annotations.common.Version   : HCANN000001: Hibernate Commons Annotations {5.1.2.Final}
2022-07-12 09:42:32.630  INFO 8216 --- [restartedMain] com.zaxxer.hikari.HikariDataSource       : HikariPool-1 - Starting...
2022-07-12 09:42:32.761  INFO 8216 --- [restartedMain] com.zaxxer.hikari.HikariDataSource       : HikariPool-1 - Start completed.
2022-07-12 09:42:32.769  INFO 8216 --- [restartedMain] org.hibernate.dialect.Dialect            : HHH000400: Using dialect: org.hibernate.dialect.Oracle8iDialect
2022-07-12 09:42:33.441  INFO 8216 --- [restartedMain] o.h.e.t.j.p.i.JtaPlatformInitiator       : HHH000490: Using JtaPlatform implementation: [org.hibernate.engine.transaction.jta.platform.internal.NoJtaPlatform]
2022-07-12 09:42:33.446  INFO 8216 --- [restartedMain] j.LocalContainerEntityManagerFactoryBean : Initialized JPA EntityManagerFactory for persistence unit 'default'
2022-07-12 09:42:33.628  WARN 8216 --- [restartedMain] JpaBaseConfiguration$JpaWebConfiguration : spring.jpa.open-in-view is enabled by default. Therefore, database queries may be performed during view rendering. Explicitly configure spring.jpa.open-in-view to disable this warning
2022-07-12 09:42:33.679 DEBUG 8216 --- [restartedMain] s.w.s.m.m.a.RequestMappingHandlerAdapter : ControllerAdvice beans: 0 @ModelAttribute, 0 @InitBinder, 1 RequestBodyAdvice, 1 ResponseBodyAdvice
2022-07-12 09:42:33.722 DEBUG 8216 --- [restartedMain] s.w.s.m.m.a.RequestMappingHandlerMapping : 14 mappings in 'requestMappingHandlerMapping'
2022-07-12 09:42:33.731 DEBUG 8216 --- [restartedMain] o.s.w.s.handler.SimpleUrlHandlerMapping  : Patterns [/webjars/**, /**] in 'resourceHandlerMapping'
2022-07-12 09:42:33.736 DEBUG 8216 --- [restartedMain] .m.m.a.ExceptionHandlerExceptionResolver : ControllerAdvice beans: 0 @ExceptionHandler, 1 ResponseBodyAdvice
2022-07-12 09:42:33.798  INFO 8216 --- [restartedMain] o.s.b.d.a.OptionalLiveReloadServer       : LiveReload server is running on port 35729
2022-07-12 09:42:33.817  INFO 8216 --- [restartedMain] o.s.b.w.embedded.tomcat.TomcatWebServer  : Tomcat started on port(s): 8082 (http) with context path ''
2022-07-12 09:42:33.824  INFO 8216 --- [restartedMain] com.edutecno.Application                 : Started Application in 2.402 seconds (JVM running for 2.888)
2022-07-12 09:43:55.319  INFO 8216 --- [http-nio-8082-exec-1] o.a.c.c.C.[Tomcat].[localhost].[/]       : Initializing Spring DispatcherServlet 'dispatcherServlet'
2022-07-12 09:43:55.319  INFO 8216 --- [http-nio-8082-exec-1] o.s.web.servlet.DispatcherServlet        : Initializing Servlet 'dispatcherServlet'
2022-07-12 09:43:55.319 DEBUG 8216 --- [http-nio-8082-exec-1] o.s.web.servlet.DispatcherServlet        : Detected StandardServletMultipartResolver
2022-07-12 09:43:55.319 DEBUG 8216 --- [http-nio-8082-exec-1] o.s.web.servlet.DispatcherServlet        : Detected AcceptHeaderLocaleResolver
2022-07-12 09:43:55.320 DEBUG 8216 --- [http-nio-8082-exec-1] o.s.web.servlet.DispatcherServlet        : Detected FixedThemeResolver
2022-07-12 09:43:55.320 DEBUG 8216 --- [http-nio-8082-exec-1] o.s.web.servlet.DispatcherServlet        : Detected org.springframework.web.servlet.view.DefaultRequestToViewNameTranslator@66d5a90a
2022-07-12 09:43:55.320 DEBUG 8216 --- [http-nio-8082-exec-1] o.s.web.servlet.DispatcherServlet        : Detected org.springframework.web.servlet.support.SessionFlashMapManager@50741bcf
2022-07-12 09:43:55.320 DEBUG 8216 --- [http-nio-8082-exec-1] o.s.web.servlet.DispatcherServlet        : enableLoggingRequestDetails='false': request parameters and headers will be masked to prevent unsafe logging of potentially sensitive data
2022-07-12 09:43:55.320  INFO 8216 --- [http-nio-8082-exec-1] o.s.web.servlet.DispatcherServlet        : Completed initialization in 1 ms
2022-07-12 09:43:55.327 DEBUG 8216 --- [http-nio-8082-exec-1] o.s.web.servlet.DispatcherServlet        : GET "/", parameters={}
2022-07-12 09:43:55.330 DEBUG 8216 --- [http-nio-8082-exec-1] s.w.s.m.m.a.RequestMappingHandlerMapping : Mapped to com.edutecno.controller.DestinoController#destinos()
2022-07-12 09:43:55.347  INFO 8216 --- [http-nio-8082-exec-1] com.edutecno.service.DestinoServiceImp   : Ejecutando DestinoServiceImp findAll()
2022-07-12 09:43:55.427 DEBUG 8216 --- [http-nio-8082-exec-1] o.s.w.s.v.ContentNegotiatingViewResolver : Selected 'text/html' given [text/html, application/xhtml+xml, image/webp, image/apng, application/xml;q=0.9, application/signed-exchange;v=b3;q=0.9, */*;q=0.8]
2022-07-12 09:43:55.566 DEBUG 8216 --- [http-nio-8082-exec-1] o.s.web.servlet.DispatcherServlet        : Completed 200 OK
2022-07-12 09:43:59.715 DEBUG 8216 --- [http-nio-8082-exec-2] o.s.web.servlet.DispatcherServlet        : GET "/destinos/crear", parameters={}
2022-07-12 09:43:59.715 DEBUG 8216 --- [http-nio-8082-exec-2] s.w.s.m.m.a.RequestMappingHandlerMapping : Mapped to com.edutecno.controller.DestinoController#crear()
2022-07-12 09:43:59.718  INFO 8216 --- [http-nio-8082-exec-2] com.edutecno.service.PasajeroServiceImp  : Ejecutando PasajeroServiceImp findAll()
2022-07-12 09:43:59.730 DEBUG 8216 --- [http-nio-8082-exec-2] o.s.w.s.v.ContentNegotiatingViewResolver : Selected 'text/html' given [text/html, application/xhtml+xml, image/webp, image/apng, application/xml;q=0.9, application/signed-exchange;v=b3;q=0.9, */*;q=0.8]
2022-07-12 09:43:59.734 DEBUG 8216 --- [http-nio-8082-exec-2] o.s.web.servlet.DispatcherServlet        : Completed 200 OK
2022-07-12 09:44:16.350 DEBUG 8216 --- [http-nio-8082-exec-3] o.s.web.servlet.DispatcherServlet        : GET "/pasajeros/crear", parameters={}
2022-07-12 09:44:16.351 DEBUG 8216 --- [http-nio-8082-exec-3] s.w.s.m.m.a.RequestMappingHandlerMapping : Mapped to com.edutecno.controller.PasajeroController#crear()
2022-07-12 09:44:16.352  INFO 8216 --- [http-nio-8082-exec-3] com.edutecno.service.DestinoServiceImp   : Ejecutando DestinoServiceImp findAll()
2022-07-12 09:44:16.354 DEBUG 8216 --- [http-nio-8082-exec-3] o.s.w.s.v.ContentNegotiatingViewResolver : Selected 'text/html' given [text/html, application/xhtml+xml, image/webp, image/apng, application/xml;q=0.9, application/signed-exchange;v=b3;q=0.9, */*;q=0.8]
2022-07-12 09:44:16.356 DEBUG 8216 --- [http-nio-8082-exec-3] o.s.web.servlet.DispatcherServlet        : Completed 200 OK
2022-07-12 09:44:31.625 DEBUG 8216 --- [http-nio-8082-exec-4] o.s.web.servlet.DispatcherServlet        : GET "/destinos", parameters={}
2022-07-12 09:44:31.625 DEBUG 8216 --- [http-nio-8082-exec-4] s.w.s.m.m.a.RequestMappingHandlerMapping : Mapped to com.edutecno.controller.DestinoController#destinos()
2022-07-12 09:44:31.626  INFO 8216 --- [http-nio-8082-exec-4] com.edutecno.service.DestinoServiceImp   : Ejecutando DestinoServiceImp findAll()
2022-07-12 09:44:31.628 DEBUG 8216 --- [http-nio-8082-exec-4] o.s.w.s.v.ContentNegotiatingViewResolver : Selected 'text/html' given [text/html, application/xhtml+xml, image/webp, image/apng, application/xml;q=0.9, application/signed-exchange;v=b3;q=0.9, */*;q=0.8]
2022-07-12 09:44:31.632 DEBUG 8216 --- [http-nio-8082-exec-4] o.s.web.servlet.DispatcherServlet        : Completed 200 OK
2022-07-12 09:44:44.420 DEBUG 8216 --- [http-nio-8082-exec-5] o.s.web.servlet.DispatcherServlet        : GET "/pasajeros/crear", parameters={}
2022-07-12 09:44:44.420 DEBUG 8216 --- [http-nio-8082-exec-5] s.w.s.m.m.a.RequestMappingHandlerMapping : Mapped to com.edutecno.controller.PasajeroController#crear()
2022-07-12 09:44:44.421  INFO 8216 --- [http-nio-8082-exec-5] com.edutecno.service.DestinoServiceImp   : Ejecutando DestinoServiceImp findAll()
2022-07-12 09:44:44.424 DEBUG 8216 --- [http-nio-8082-exec-5] o.s.w.s.v.ContentNegotiatingViewResolver : Selected 'text/html' given [text/html, application/xhtml+xml, image/webp, image/apng, application/xml;q=0.9, application/signed-exchange;v=b3;q=0.9, */*;q=0.8]
2022-07-12 09:44:44.426 DEBUG 8216 --- [http-nio-8082-exec-5] o.s.web.servlet.DispatcherServlet        : Completed 200 OK
2022-07-12 09:45:07.662 DEBUG 8216 --- [http-nio-8082-exec-7] o.s.web.servlet.DispatcherServlet        : GET "/pasajeros", parameters={}
2022-07-12 09:45:07.663 DEBUG 8216 --- [http-nio-8082-exec-7] s.w.s.m.m.a.RequestMappingHandlerMapping : Mapped to com.edutecno.controller.PasajeroController#pasajeros()
2022-07-12 09:45:07.664  INFO 8216 --- [http-nio-8082-exec-7] com.edutecno.service.PasajeroServiceImp  : Ejecutando PasajeroServiceImp findAll()
2022-07-12 09:45:07.666 DEBUG 8216 --- [http-nio-8082-exec-7] o.s.w.s.v.ContentNegotiatingViewResolver : Selected 'text/html' given [text/html, application/xhtml+xml, image/webp, image/apng, application/xml;q=0.9, application/signed-exchange;v=b3;q=0.9, */*;q=0.8]
2022-07-12 09:45:07.682 DEBUG 8216 --- [http-nio-8082-exec-7] o.s.web.servlet.DispatcherServlet        : Completed 200 OK
2022-07-12 09:45:11.980 DEBUG 8216 --- [http-nio-8082-exec-8] o.s.web.servlet.DispatcherServlet        : GET "/destinos", parameters={}
2022-07-12 09:45:11.980 DEBUG 8216 --- [http-nio-8082-exec-8] s.w.s.m.m.a.RequestMappingHandlerMapping : Mapped to com.edutecno.controller.DestinoController#destinos()
2022-07-12 09:45:11.981  INFO 8216 --- [http-nio-8082-exec-8] com.edutecno.service.DestinoServiceImp   : Ejecutando DestinoServiceImp findAll()
2022-07-12 09:45:11.983 DEBUG 8216 --- [http-nio-8082-exec-8] o.s.w.s.v.ContentNegotiatingViewResolver : Selected 'text/html' given [text/html, application/xhtml+xml, image/webp, image/apng, application/xml;q=0.9, application/signed-exchange;v=b3;q=0.9, */*;q=0.8]
2022-07-12 09:45:11.986 DEBUG 8216 --- [http-nio-8082-exec-8] o.s.web.servlet.DispatcherServlet        : Completed 200 OK
2022-07-12 09:45:15.866 DEBUG 8216 --- [http-nio-8082-exec-9] o.s.web.servlet.DispatcherServlet        : GET "/destinos/editar?id=1", parameters={masked}
2022-07-12 09:45:15.866 DEBUG 8216 --- [http-nio-8082-exec-9] s.w.s.m.m.a.RequestMappingHandlerMapping : Mapped to com.edutecno.controller.DestinoController#editar(Long)
2022-07-12 09:45:15.871  INFO 8216 --- [http-nio-8082-exec-9] com.edutecno.service.DestinoServiceImp   : Ejecutando DestinoServiceImp finfById()
2022-07-12 09:45:15.874  INFO 8216 --- [http-nio-8082-exec-9] com.edutecno.service.PasajeroServiceImp  : Ejecutando PasajeroServiceImp findAll()
2022-07-12 09:45:15.877 DEBUG 8216 --- [http-nio-8082-exec-9] o.s.w.s.v.ContentNegotiatingViewResolver : Selected 'text/html' given [text/html, application/xhtml+xml, image/webp, image/apng, application/xml;q=0.9, application/signed-exchange;v=b3;q=0.9, */*;q=0.8]
2022-07-12 09:45:15.890 DEBUG 8216 --- [http-nio-8082-exec-9] o.s.web.servlet.DispatcherServlet        : Completed 200 OK
2022-07-12 09:45:26.483 DEBUG 8216 --- [http-nio-8082-exec-10] o.s.web.servlet.DispatcherServlet        : POST "/destinos/editar", parameters={masked}
2022-07-12 09:45:26.483 DEBUG 8216 --- [http-nio-8082-exec-10] s.w.s.m.m.a.RequestMappingHandlerMapping : Mapped to com.edutecno.controller.DestinoController#editar(Destino)
2022-07-12 09:45:26.493  INFO 8216 --- [http-nio-8082-exec-10] com.edutecno.service.DestinoServiceImp   : Ejecutando DestinoServiceImp update()
2022-07-12 09:45:26.514 DEBUG 8216 --- [http-nio-8082-exec-10] o.s.web.servlet.view.RedirectView        : View [RedirectView], model {}
2022-07-12 09:45:26.514 DEBUG 8216 --- [http-nio-8082-exec-10] o.s.web.servlet.DispatcherServlet        : Completed 302 FOUND
2022-07-12 09:45:26.519 DEBUG 8216 --- [http-nio-8082-exec-1] o.s.web.servlet.DispatcherServlet        : GET "/destinos", parameters={}
2022-07-12 09:45:26.519 DEBUG 8216 --- [http-nio-8082-exec-1] s.w.s.m.m.a.RequestMappingHandlerMapping : Mapped to com.edutecno.controller.DestinoController#destinos()
2022-07-12 09:45:26.519  INFO 8216 --- [http-nio-8082-exec-1] com.edutecno.service.DestinoServiceImp   : Ejecutando DestinoServiceImp findAll()
2022-07-12 09:45:26.521 DEBUG 8216 --- [http-nio-8082-exec-1] o.s.w.s.v.ContentNegotiatingViewResolver : Selected 'text/html' given [text/html, application/xhtml+xml, image/webp, image/apng, application/xml;q=0.9, application/signed-exchange;v=b3;q=0.9, */*;q=0.8]
2022-07-12 09:45:26.523 DEBUG 8216 --- [http-nio-8082-exec-1] o.s.web.servlet.DispatcherServlet        : Completed 200 OK
2022-07-12 09:45:32.641 DEBUG 8216 --- [http-nio-8082-exec-2] o.s.web.servlet.DispatcherServlet        : GET "/destinos/editar?id=5", parameters={masked}
2022-07-12 09:45:32.641 DEBUG 8216 --- [http-nio-8082-exec-2] s.w.s.m.m.a.RequestMappingHandlerMapping : Mapped to com.edutecno.controller.DestinoController#editar(Long)
2022-07-12 09:45:32.642  INFO 8216 --- [http-nio-8082-exec-2] com.edutecno.service.DestinoServiceImp   : Ejecutando DestinoServiceImp finfById()
2022-07-12 09:45:32.644  INFO 8216 --- [http-nio-8082-exec-2] com.edutecno.service.PasajeroServiceImp  : Ejecutando PasajeroServiceImp findAll()
2022-07-12 09:45:32.646 DEBUG 8216 --- [http-nio-8082-exec-2] o.s.w.s.v.ContentNegotiatingViewResolver : Selected 'text/html' given [text/html, application/xhtml+xml, image/webp, image/apng, application/xml;q=0.9, application/signed-exchange;v=b3;q=0.9, */*;q=0.8]
2022-07-12 09:45:32.649 DEBUG 8216 --- [http-nio-8082-exec-2] o.s.web.servlet.DispatcherServlet        : Completed 200 OK
2022-07-12 09:45:35.180 DEBUG 8216 --- [http-nio-8082-exec-3] o.s.web.servlet.DispatcherServlet        : POST "/destinos/editar", parameters={masked}
2022-07-12 09:45:35.180 DEBUG 8216 --- [http-nio-8082-exec-3] s.w.s.m.m.a.RequestMappingHandlerMapping : Mapped to com.edutecno.controller.DestinoController#editar(Destino)
2022-07-12 09:45:35.183  INFO 8216 --- [http-nio-8082-exec-3] com.edutecno.service.DestinoServiceImp   : Ejecutando DestinoServiceImp update()
2022-07-12 09:45:35.185 DEBUG 8216 --- [http-nio-8082-exec-3] o.s.web.servlet.view.RedirectView        : View [RedirectView], model {}
2022-07-12 09:45:35.186 DEBUG 8216 --- [http-nio-8082-exec-3] o.s.web.servlet.DispatcherServlet        : Completed 302 FOUND
2022-07-12 09:45:35.192 DEBUG 8216 --- [http-nio-8082-exec-4] o.s.web.servlet.DispatcherServlet        : GET "/destinos", parameters={}
2022-07-12 09:45:35.193 DEBUG 8216 --- [http-nio-8082-exec-4] s.w.s.m.m.a.RequestMappingHandlerMapping : Mapped to com.edutecno.controller.DestinoController#destinos()
2022-07-12 09:45:35.193  INFO 8216 --- [http-nio-8082-exec-4] com.edutecno.service.DestinoServiceImp   : Ejecutando DestinoServiceImp findAll()
2022-07-12 09:45:35.195 DEBUG 8216 --- [http-nio-8082-exec-4] o.s.w.s.v.ContentNegotiatingViewResolver : Selected 'text/html' given [text/html, application/xhtml+xml, image/webp, image/apng, application/xml;q=0.9, application/signed-exchange;v=b3;q=0.9, */*;q=0.8]
2022-07-12 09:45:35.197 DEBUG 8216 --- [http-nio-8082-exec-4] o.s.web.servlet.DispatcherServlet        : Completed 200 OK
2022-07-12 09:45:37.514 DEBUG 8216 --- [http-nio-8082-exec-5] o.s.web.servlet.DispatcherServlet        : GET "/pasajeros", parameters={}
2022-07-12 09:45:37.514 DEBUG 8216 --- [http-nio-8082-exec-5] s.w.s.m.m.a.RequestMappingHandlerMapping : Mapped to com.edutecno.controller.PasajeroController#pasajeros()
2022-07-12 09:45:37.515  INFO 8216 --- [http-nio-8082-exec-5] com.edutecno.service.PasajeroServiceImp  : Ejecutando PasajeroServiceImp findAll()
2022-07-12 09:45:37.517 DEBUG 8216 --- [http-nio-8082-exec-5] o.s.w.s.v.ContentNegotiatingViewResolver : Selected 'text/html' given [text/html, application/xhtml+xml, image/webp, image/apng, application/xml;q=0.9, application/signed-exchange;v=b3;q=0.9, */*;q=0.8]
2022-07-12 09:45:37.524 DEBUG 8216 --- [http-nio-8082-exec-5] o.s.web.servlet.DispatcherServlet        : Completed 200 OK
2022-07-12 09:46:08.042 DEBUG 8216 --- [http-nio-8082-exec-7] o.s.web.servlet.DispatcherServlet        : GET "/destinos/crear", parameters={}
2022-07-12 09:46:08.043 DEBUG 8216 --- [http-nio-8082-exec-7] s.w.s.m.m.a.RequestMappingHandlerMapping : Mapped to com.edutecno.controller.DestinoController#crear()
2022-07-12 09:46:08.044  INFO 8216 --- [http-nio-8082-exec-7] com.edutecno.service.PasajeroServiceImp  : Ejecutando PasajeroServiceImp findAll()
2022-07-12 09:46:08.046 DEBUG 8216 --- [http-nio-8082-exec-7] o.s.w.s.v.ContentNegotiatingViewResolver : Selected 'text/html' given [text/html, application/xhtml+xml, image/webp, image/apng, application/xml;q=0.9, application/signed-exchange;v=b3;q=0.9, */*;q=0.8]
2022-07-12 09:46:08.047 DEBUG 8216 --- [http-nio-8082-exec-7] o.s.web.servlet.DispatcherServlet        : Completed 200 OK
2022-07-12 09:46:17.166 DEBUG 8216 --- [http-nio-8082-exec-8] o.s.web.servlet.DispatcherServlet        : GET "/pasajeros/crear", parameters={}
2022-07-12 09:46:17.167 DEBUG 8216 --- [http-nio-8082-exec-8] s.w.s.m.m.a.RequestMappingHandlerMapping : Mapped to com.edutecno.controller.PasajeroController#crear()
2022-07-12 09:46:17.168  INFO 8216 --- [http-nio-8082-exec-8] com.edutecno.service.DestinoServiceImp   : Ejecutando DestinoServiceImp findAll()
2022-07-12 09:46:17.170 DEBUG 8216 --- [http-nio-8082-exec-8] o.s.w.s.v.ContentNegotiatingViewResolver : Selected 'text/html' given [text/html, application/xhtml+xml, image/webp, image/apng, application/xml;q=0.9, application/signed-exchange;v=b3;q=0.9, */*;q=0.8]
2022-07-12 09:46:17.171 DEBUG 8216 --- [http-nio-8082-exec-8] o.s.web.servlet.DispatcherServlet        : Completed 200 OK
2022-07-12 09:46:19.935 DEBUG 8216 --- [http-nio-8082-exec-9] o.s.web.servlet.DispatcherServlet        : GET "/destinos", parameters={}
2022-07-12 09:46:19.935 DEBUG 8216 --- [http-nio-8082-exec-9] s.w.s.m.m.a.RequestMappingHandlerMapping : Mapped to com.edutecno.controller.DestinoController#destinos()
2022-07-12 09:46:19.936  INFO 8216 --- [http-nio-8082-exec-9] com.edutecno.service.DestinoServiceImp   : Ejecutando DestinoServiceImp findAll()
2022-07-12 09:46:19.938 DEBUG 8216 --- [http-nio-8082-exec-9] o.s.w.s.v.ContentNegotiatingViewResolver : Selected 'text/html' given [text/html, application/xhtml+xml, image/webp, image/apng, application/xml;q=0.9, application/signed-exchange;v=b3;q=0.9, */*;q=0.8]
2022-07-12 09:46:19.940 DEBUG 8216 --- [http-nio-8082-exec-9] o.s.web.servlet.DispatcherServlet        : Completed 200 OK
2022-07-12 09:46:35.318 DEBUG 8216 --- [http-nio-8082-exec-10] o.s.web.servlet.DispatcherServlet        : GET "/pasajeros/crear", parameters={}
2022-07-12 09:46:35.318 DEBUG 8216 --- [http-nio-8082-exec-10] s.w.s.m.m.a.RequestMappingHandlerMapping : Mapped to com.edutecno.controller.PasajeroController#crear()
2022-07-12 09:46:35.319  INFO 8216 --- [http-nio-8082-exec-10] com.edutecno.service.DestinoServiceImp   : Ejecutando DestinoServiceImp findAll()
2022-07-12 09:46:35.322 DEBUG 8216 --- [http-nio-8082-exec-10] o.s.w.s.v.ContentNegotiatingViewResolver : Selected 'text/html' given [text/html, application/xhtml+xml, image/webp, image/apng, application/xml;q=0.9, application/signed-exchange;v=b3;q=0.9, */*;q=0.8]
2022-07-12 09:46:35.323 DEBUG 8216 --- [http-nio-8082-exec-10] o.s.web.servlet.DispatcherServlet        : Completed 200 OK
2022-07-12 09:46:36.338 DEBUG 8216 --- [http-nio-8082-exec-1] o.s.web.servlet.DispatcherServlet        : GET "/destinos/crear", parameters={}
2022-07-12 09:46:36.338 DEBUG 8216 --- [http-nio-8082-exec-1] s.w.s.m.m.a.RequestMappingHandlerMapping : Mapped to com.edutecno.controller.DestinoController#crear()
2022-07-12 09:46:36.339  INFO 8216 --- [http-nio-8082-exec-1] com.edutecno.service.PasajeroServiceImp  : Ejecutando PasajeroServiceImp findAll()
2022-07-12 09:46:36.341 DEBUG 8216 --- [http-nio-8082-exec-1] o.s.w.s.v.ContentNegotiatingViewResolver : Selected 'text/html' given [text/html, application/xhtml+xml, image/webp, image/apng, application/xml;q=0.9, application/signed-exchange;v=b3;q=0.9, */*;q=0.8]
2022-07-12 09:46:36.342 DEBUG 8216 --- [http-nio-8082-exec-1] o.s.web.servlet.DispatcherServlet        : Completed 200 OK
2022-07-12 09:46:44.995 DEBUG 8216 --- [http-nio-8082-exec-2] o.s.web.servlet.DispatcherServlet        : GET "/destinos", parameters={}
2022-07-12 09:46:44.995 DEBUG 8216 --- [http-nio-8082-exec-2] s.w.s.m.m.a.RequestMappingHandlerMapping : Mapped to com.edutecno.controller.DestinoController#destinos()
2022-07-12 09:46:44.996  INFO 8216 --- [http-nio-8082-exec-2] com.edutecno.service.DestinoServiceImp   : Ejecutando DestinoServiceImp findAll()
2022-07-12 09:46:44.998 DEBUG 8216 --- [http-nio-8082-exec-2] o.s.w.s.v.ContentNegotiatingViewResolver : Selected 'text/html' given [text/html, application/xhtml+xml, image/webp, image/apng, application/xml;q=0.9, application/signed-exchange;v=b3;q=0.9, */*;q=0.8]
2022-07-12 09:46:45.000 DEBUG 8216 --- [http-nio-8082-exec-2] o.s.web.servlet.DispatcherServlet        : Completed 200 OK
2022-07-12 09:46:58.757 DEBUG 8216 --- [http-nio-8082-exec-3] o.s.web.servlet.DispatcherServlet        : GET "/destinos", parameters={}
2022-07-12 09:46:58.757 DEBUG 8216 --- [http-nio-8082-exec-3] s.w.s.m.m.a.RequestMappingHandlerMapping : Mapped to com.edutecno.controller.DestinoController#destinos()
2022-07-12 09:46:58.758  INFO 8216 --- [http-nio-8082-exec-3] com.edutecno.service.DestinoServiceImp   : Ejecutando DestinoServiceImp findAll()
2022-07-12 09:46:58.760 DEBUG 8216 --- [http-nio-8082-exec-3] o.s.w.s.v.ContentNegotiatingViewResolver : Selected 'text/html' given [text/html, application/xhtml+xml, image/webp, image/apng, application/xml;q=0.9, application/signed-exchange;v=b3;q=0.9, */*;q=0.8]
2022-07-12 09:46:58.762 DEBUG 8216 --- [http-nio-8082-exec-3] o.s.web.servlet.DispatcherServlet        : Completed 200 OK
2022-07-12 09:46:58.898 DEBUG 8216 --- [http-nio-8082-exec-4] o.s.web.servlet.DispatcherServlet        : GET "/favicon.ico", parameters={}
2022-07-12 09:46:58.900 DEBUG 8216 --- [http-nio-8082-exec-4] o.s.w.s.handler.SimpleUrlHandlerMapping  : Mapped to ResourceHttpRequestHandler [classpath [META-INF/resources/], classpath [resources/], classpath [static/], classpath [public/], ServletContext [/]]
2022-07-12 09:46:58.902 DEBUG 8216 --- [http-nio-8082-exec-4] o.s.w.s.r.ResourceHttpRequestHandler     : Resource not found
2022-07-12 09:46:58.903 DEBUG 8216 --- [http-nio-8082-exec-4] o.s.web.servlet.DispatcherServlet        : Completed 404 NOT_FOUND
2022-07-12 09:46:58.905 DEBUG 8216 --- [http-nio-8082-exec-4] o.s.web.servlet.DispatcherServlet        : "ERROR" dispatch for GET "/error", parameters={}
2022-07-12 09:46:58.906 DEBUG 8216 --- [http-nio-8082-exec-4] s.w.s.m.m.a.RequestMappingHandlerMapping : Mapped to org.springframework.boot.autoconfigure.web.servlet.error.BasicErrorController#error(HttpServletRequest)
2022-07-12 09:46:58.917 DEBUG 8216 --- [http-nio-8082-exec-4] o.s.w.s.m.m.a.HttpEntityMethodProcessor  : Using 'application/json;q=0.8', given [image/webp, image/apng, image/svg+xml, image/*, */*;q=0.8] and supported [application/json, application/*+json, application/json, application/*+json]
2022-07-12 09:46:58.917 DEBUG 8216 --- [http-nio-8082-exec-4] o.s.w.s.m.m.a.HttpEntityMethodProcessor  : Writing [{timestamp=Tue Jul 12 09:46:58 CLT 2022, status=404, error=Not Found, message=No message available,  (truncated)...]
2022-07-12 09:46:58.940 DEBUG 8216 --- [http-nio-8082-exec-4] o.s.web.servlet.DispatcherServlet        : Exiting from "ERROR" dispatch, status 404
2022-07-12 09:47:00.186 DEBUG 8216 --- [http-nio-8082-exec-5] o.s.web.servlet.DispatcherServlet        : GET "/destinos", parameters={}
2022-07-12 09:47:00.186 DEBUG 8216 --- [http-nio-8082-exec-5] s.w.s.m.m.a.RequestMappingHandlerMapping : Mapped to com.edutecno.controller.DestinoController#destinos()
2022-07-12 09:47:00.187  INFO 8216 --- [http-nio-8082-exec-5] com.edutecno.service.DestinoServiceImp   : Ejecutando DestinoServiceImp findAll()
2022-07-12 09:47:00.189 DEBUG 8216 --- [http-nio-8082-exec-5] o.s.w.s.v.ContentNegotiatingViewResolver : Selected 'text/html' given [text/html, application/xhtml+xml, image/webp, image/apng, application/xml;q=0.9, application/signed-exchange;v=b3;q=0.9, */*;q=0.8]
2022-07-12 09:47:00.190 DEBUG 8216 --- [http-nio-8082-exec-5] o.s.web.servlet.DispatcherServlet        : Completed 200 OK
2022-07-12 09:47:00.277 DEBUG 8216 --- [http-nio-8082-exec-6] o.s.web.servlet.DispatcherServlet        : GET "/favicon.ico", parameters={}
2022-07-12 09:47:00.277 DEBUG 8216 --- [http-nio-8082-exec-6] o.s.w.s.handler.SimpleUrlHandlerMapping  : Mapped to ResourceHttpRequestHandler [classpath [META-INF/resources/], classpath [resources/], classpath [static/], classpath [public/], ServletContext [/]]
2022-07-12 09:47:00.278 DEBUG 8216 --- [http-nio-8082-exec-6] o.s.w.s.r.ResourceHttpRequestHandler     : Resource not found
2022-07-12 09:47:00.278 DEBUG 8216 --- [http-nio-8082-exec-6] o.s.web.servlet.DispatcherServlet        : Completed 404 NOT_FOUND
2022-07-12 09:47:00.278 DEBUG 8216 --- [http-nio-8082-exec-6] o.s.web.servlet.DispatcherServlet        : "ERROR" dispatch for GET "/error", parameters={}
2022-07-12 09:47:00.278 DEBUG 8216 --- [http-nio-8082-exec-6] s.w.s.m.m.a.RequestMappingHandlerMapping : Mapped to org.springframework.boot.autoconfigure.web.servlet.error.BasicErrorController#error(HttpServletRequest)
2022-07-12 09:47:00.279 DEBUG 8216 --- [http-nio-8082-exec-6] o.s.w.s.m.m.a.HttpEntityMethodProcessor  : Using 'application/json;q=0.8', given [image/webp, image/apng, image/svg+xml, image/*, */*;q=0.8] and supported [application/json, application/*+json, application/json, application/*+json]
2022-07-12 09:47:00.279 DEBUG 8216 --- [http-nio-8082-exec-6] o.s.w.s.m.m.a.HttpEntityMethodProcessor  : Writing [{timestamp=Tue Jul 12 09:47:00 CLT 2022, status=404, error=Not Found, message=No message available,  (truncated)...]
2022-07-12 09:47:00.279 DEBUG 8216 --- [http-nio-8082-exec-6] o.s.web.servlet.DispatcherServlet        : Exiting from "ERROR" dispatch, status 404
2022-07-12 09:47:07.105 DEBUG 8216 --- [http-nio-8082-exec-7] o.s.web.servlet.DispatcherServlet        : GET "/destinos/crear", parameters={}
2022-07-12 09:47:07.105 DEBUG 8216 --- [http-nio-8082-exec-7] s.w.s.m.m.a.RequestMappingHandlerMapping : Mapped to com.edutecno.controller.DestinoController#crear()
2022-07-12 09:47:07.106  INFO 8216 --- [http-nio-8082-exec-7] com.edutecno.service.PasajeroServiceImp  : Ejecutando PasajeroServiceImp findAll()
2022-07-12 09:47:07.108 DEBUG 8216 --- [http-nio-8082-exec-7] o.s.w.s.v.ContentNegotiatingViewResolver : Selected 'text/html' given [text/html, application/xhtml+xml, image/webp, image/apng, application/xml;q=0.9, application/signed-exchange;v=b3;q=0.9, */*;q=0.8]
2022-07-12 09:47:07.110 DEBUG 8216 --- [http-nio-8082-exec-7] o.s.web.servlet.DispatcherServlet        : Completed 200 OK
2022-07-12 09:47:34.187 DEBUG 8216 --- [http-nio-8082-exec-9] o.s.web.servlet.DispatcherServlet        : GET "/destinos", parameters={}
2022-07-12 09:47:34.188 DEBUG 8216 --- [http-nio-8082-exec-9] s.w.s.m.m.a.RequestMappingHandlerMapping : Mapped to com.edutecno.controller.DestinoController#destinos()
2022-07-12 09:47:34.189  INFO 8216 --- [http-nio-8082-exec-9] com.edutecno.service.DestinoServiceImp   : Ejecutando DestinoServiceImp findAll()
2022-07-12 09:47:34.190 DEBUG 8216 --- [http-nio-8082-exec-9] o.s.w.s.v.ContentNegotiatingViewResolver : Selected 'text/html' given [text/html, application/xhtml+xml, image/webp, image/apng, application/xml;q=0.9, application/signed-exchange;v=b3;q=0.9, */*;q=0.8]
2022-07-12 09:47:34.192 DEBUG 8216 --- [http-nio-8082-exec-9] o.s.web.servlet.DispatcherServlet        : Completed 200 OK
2022-07-12 09:49:42.981  INFO 8216 --- [RMI TCP Connection(16)-127.0.0.1] inMXBeanRegistrar$SpringApplicationAdmin : Application shutdown requested.
2022-07-12 09:49:42.993  INFO 8216 --- [RMI TCP Connection(16)-127.0.0.1] j.LocalContainerEntityManagerFactoryBean : Closing JPA EntityManagerFactory for persistence unit 'default'
2022-07-12 09:49:42.995  INFO 8216 --- [RMI TCP Connection(16)-127.0.0.1] com.zaxxer.hikari.HikariDataSource       : HikariPool-1 - Shutdown initiated...
2022-07-12 09:49:42.998  INFO 8216 --- [RMI TCP Connection(16)-127.0.0.1] com.zaxxer.hikari.HikariDataSource       : HikariPool-1 - Shutdown completed.
